d:\prywatne\vs_c_plus_plus\stoper\stoper\debug\vc141.pdb
d:\prywatne\vs_c_plus_plus\stoper\stoper\debug\.netframework,version=v4.6.1.assemblyattributes.obj
d:\prywatne\vs_c_plus_plus\stoper\stoper\debug\.netframework,version=v4.6.1.assemblyattributes.asm
d:\prywatne\vs_c_plus_plus\stoper\stoper\debug\myform.obj
d:\prywatne\vs_c_plus_plus\stoper\debug\stoper.exe
d:\prywatne\vs_c_plus_plus\stoper\debug\stoper.pdb
d:\prywatne\vs_c_plus_plus\stoper\stoper\debug\stoper.myform.resources
d:\prywatne\github\stopwatch\stoper\debug\stoper.vcxproj.generateresource.cache
d:\prywatne\github\stopwatch\stoper\debug\stoper.vcxprojassemblyreference.cache
d:\prywatne\github\stopwatch\stoper\debug\.netframework,version=v4.6.1.assemblyattributes.obj
d:\prywatne\github\stopwatch\stoper\debug\myform.obj
d:\prywatne\github\stopwatch\stoper\debug\stoper.myform.resources
d:\prywatne\github\stopwatch\stoper\debug\vc141.pdb
d:\prywatne\github\stopwatch\debug\stoper.pdb
d:\prywatne\github\stopwatch\debug\stoper.exe
d:\prywatne\github\stopwatch\stoper\debug\stoper.tlog\cl.command.1.tlog
d:\prywatne\github\stopwatch\stoper\debug\stoper.tlog\cl.read.1.tlog
d:\prywatne\github\stopwatch\stoper\debug\stoper.tlog\cl.write.1.tlog
d:\prywatne\github\stopwatch\stoper\debug\stoper.tlog\link.command.1.tlog
d:\prywatne\github\stopwatch\stoper\debug\stoper.tlog\link.read.1.tlog
d:\prywatne\github\stopwatch\stoper\debug\stoper.tlog\link.write.1.tlog
d:\prywatne\github\stopwatch\stoper\debug\stoper.tlog\metagen.read.1.tlog
d:\prywatne\github\stopwatch\stoper\debug\stoper.tlog\metagen.write.1.tlog
d:\prywatne\github\stopwatch\stoper\debug\stoper.tlog\stoper.write.1u.tlog
